CRITICAL - 2023-01-04 09:18:45 --> Undefined variable $earning_name
in APPPATH\Controllers\Main.php on line 517.
 1 APPPATH\Controllers\Main.php(517): CodeIgniter\Debug\Exceptions->errorHandler(2, 'Undefined variable $earning_name', 'APPPATH\\Controllers\\Main.php', 517)
 2 SYSTEMPATH\CodeIgniter.php(896): App\Controllers\Main->payslip_add('$1')
 3 SYSTEMPATH\CodeIgniter.php(466): CodeIgniter\CodeIgniter->runController(Object(App\Controllers\Main))
 4 SYSTEMPATH\CodeIgniter.php(349): CodeIgniter\CodeIgniter->handleRequest(null, Object(Config\Cache), false)
 5 FCPATH\index.php(55): CodeIgniter\CodeIgniter->run()
CRITICAL - 2023-01-04 09:29:34 --> Undefined variable $earning_amount
in APPPATH\Controllers\Main.php on line 517.
 1 APPPATH\Controllers\Main.php(517): CodeIgniter\Debug\Exceptions->errorHandler(2, 'Undefined variable $earning_amount', 'APPPATH\\Controllers\\Main.php', 517)
 2 SYSTEMPATH\CodeIgniter.php(896): App\Controllers\Main->payslip_add('$1')
 3 SYSTEMPATH\CodeIgniter.php(466): CodeIgniter\CodeIgniter->runController(Object(App\Controllers\Main))
 4 SYSTEMPATH\CodeIgniter.php(349): CodeIgniter\CodeIgniter->handleRequest(null, Object(Config\Cache), false)
 5 FCPATH\index.php(55): CodeIgniter\CodeIgniter->run()
CRITICAL - 2023-01-04 10:43:55 --> Undefined variable $deduction_name
in APPPATH\Controllers\Main.php on line 518.
 1 APPPATH\Controllers\Main.php(518): CodeIgniter\Debug\Exceptions->errorHandler(2, 'Undefined variable $deduction_name', 'APPPATH\\Controllers\\Main.php', 518)
 2 SYSTEMPATH\CodeIgniter.php(896): App\Controllers\Main->payslip_add('$1')
 3 SYSTEMPATH\CodeIgniter.php(466): CodeIgniter\CodeIgniter->runController(Object(App\Controllers\Main))
 4 SYSTEMPATH\CodeIgniter.php(349): CodeIgniter\CodeIgniter->handleRequest(null, Object(Config\Cache), false)
 5 FCPATH\index.php(55): CodeIgniter\CodeIgniter->run()
